
===========================================================================
 report_power
============================================================================
======================= Fastest Corner ===================================

Group                  Internal  Switching    Leakage      Total
                          Power      Power      Power      Power (Watts)
----------------------------------------------------------------
Sequential             1.07e-02   3.64e-03   2.50e-06   1.43e-02  36.5%
Combinational          1.41e-02   1.09e-02   1.04e-07   2.50e-02  63.5%
Macro                  0.00e+00   0.00e+00   0.00e+00   0.00e+00   0.0%
Pad                    0.00e+00   0.00e+00   0.00e+00   0.00e+00   0.0%
----------------------------------------------------------------
Total                  2.48e-02   1.45e-02   2.60e-06   3.93e-02 100.0%
                          63.1%      36.9%       0.0%

======================= Slowest Corner ===================================

Group                  Internal  Switching    Leakage      Total
                          Power      Power      Power      Power (Watts)
----------------------------------------------------------------
Sequential             7.34e-03   2.40e-03   3.51e-05   9.78e-03  36.0%
Combinational          1.02e-02   7.13e-03   4.32e-05   1.74e-02  64.0%
Macro                  0.00e+00   0.00e+00   0.00e+00   0.00e+00   0.0%
Pad                    0.00e+00   0.00e+00   0.00e+00   0.00e+00   0.0%
----------------------------------------------------------------
Total                  1.75e-02   9.53e-03   7.84e-05   2.71e-02 100.0%
                          64.6%      35.1%       0.3%

======================= Typical Corner ===================================

Group                  Internal  Switching    Leakage      Total
                          Power      Power      Power      Power (Watts)
----------------------------------------------------------------
Sequential             9.30e-03   3.06e-03   2.48e-06   1.24e-02  36.3%
Combinational          1.25e-02   9.16e-03   4.81e-08   2.17e-02  63.7%
Macro                  0.00e+00   0.00e+00   0.00e+00   0.00e+00   0.0%
Pad                    0.00e+00   0.00e+00   0.00e+00   0.00e+00   0.0%
----------------------------------------------------------------
Total                  2.18e-02   1.22e-02   2.53e-06   3.41e-02 100.0%
                          64.1%      35.9%       0.0%

