
===========================================================================
 report_power
============================================================================
======================= Fastest Corner ===================================

Group                  Internal  Switching    Leakage      Total
                          Power      Power      Power      Power (Watts)
----------------------------------------------------------------
Sequential             1.07e-02   3.43e-03   2.50e-06   1.42e-02  36.7%
Combinational          1.41e-02   1.03e-02   1.04e-07   2.44e-02  63.3%
Macro                  0.00e+00   0.00e+00   0.00e+00   0.00e+00   0.0%
Pad                    0.00e+00   0.00e+00   0.00e+00   0.00e+00   0.0%
----------------------------------------------------------------
Total                  2.48e-02   1.37e-02   2.60e-06   3.86e-02 100.0%
                          64.3%      35.7%       0.0%

======================= Slowest Corner ===================================

Group                  Internal  Switching    Leakage      Total
                          Power      Power      Power      Power (Watts)
----------------------------------------------------------------
Sequential             7.36e-03   2.26e-03   3.51e-05   9.65e-03  36.3%
Combinational          1.02e-02   6.75e-03   4.32e-05   1.70e-02  63.7%
Macro                  0.00e+00   0.00e+00   0.00e+00   0.00e+00   0.0%
Pad                    0.00e+00   0.00e+00   0.00e+00   0.00e+00   0.0%
----------------------------------------------------------------
Total                  1.75e-02   9.00e-03   7.84e-05   2.66e-02 100.0%
                          65.9%      33.8%       0.3%

======================= Typical Corner ===================================

Group                  Internal  Switching    Leakage      Total
                          Power      Power      Power      Power (Watts)
----------------------------------------------------------------
Sequential             9.32e-03   2.88e-03   2.48e-06   1.22e-02  36.5%
Combinational          1.25e-02   8.67e-03   4.81e-08   2.12e-02  63.5%
Macro                  0.00e+00   0.00e+00   0.00e+00   0.00e+00   0.0%
Pad                    0.00e+00   0.00e+00   0.00e+00   0.00e+00   0.0%
----------------------------------------------------------------
Total                  2.19e-02   1.16e-02   2.53e-06   3.34e-02 100.0%
                          65.4%      34.6%       0.0%

