
===========================================================================
 report_power
============================================================================
======================= Fastest Corner ===================================

Group                  Internal  Switching    Leakage      Total
                          Power      Power      Power      Power (Watts)
----------------------------------------------------------------
Sequential             1.07e-02   3.83e-03   2.50e-06   1.45e-02  36.2%
Combinational          1.41e-02   1.15e-02   1.04e-07   2.56e-02  63.8%
Macro                  0.00e+00   0.00e+00   0.00e+00   0.00e+00   0.0%
Pad                    0.00e+00   0.00e+00   0.00e+00   0.00e+00   0.0%
----------------------------------------------------------------
Total                  2.48e-02   1.53e-02   2.60e-06   4.01e-02 100.0%
                          61.9%      38.1%       0.0%

======================= Slowest Corner ===================================

Group                  Internal  Switching    Leakage      Total
                          Power      Power      Power      Power (Watts)
----------------------------------------------------------------
Sequential             7.33e-03   2.53e-03   3.51e-05   9.89e-03  35.8%
Combinational          1.02e-02   7.51e-03   4.32e-05   1.77e-02  64.2%
Macro                  0.00e+00   0.00e+00   0.00e+00   0.00e+00   0.0%
Pad                    0.00e+00   0.00e+00   0.00e+00   0.00e+00   0.0%
----------------------------------------------------------------
Total                  1.75e-02   1.00e-02   7.84e-05   2.76e-02 100.0%
                          63.4%      36.3%       0.3%

======================= Typical Corner ===================================

Group                  Internal  Switching    Leakage      Total
                          Power      Power      Power      Power (Watts)
----------------------------------------------------------------
Sequential             9.28e-03   3.22e-03   2.48e-06   1.25e-02  36.1%
Combinational          1.26e-02   9.64e-03   4.81e-08   2.22e-02  63.9%
Macro                  0.00e+00   0.00e+00   0.00e+00   0.00e+00   0.0%
Pad                    0.00e+00   0.00e+00   0.00e+00   0.00e+00   0.0%
----------------------------------------------------------------
Total                  2.18e-02   1.29e-02   2.53e-06   3.47e-02 100.0%
                          62.9%      37.1%       0.0%

